<?xml version="1.0" encoding="UTF-8"?>
<!-- Generated by org.testng.reporters.JUnitXMLReporter -->
<testsuite hostname="Poornimas-MacBook-Air.local" ignored="0" name="Default test" tests="2" failures="0" timestamp="27 Aug 2017 17:31:54 GMT" time="18.581" errors="0">
  <testcase name="test_Home_Page" time="3.11" classname="com.automation.tests.HomePageToRequestInfoPageTest"/>
  <testcase name="test_Home_Navigation" time="3.189" classname="com.automation.tests.HomePageToRequestInfoPageTest"/>
</testsuite> <!-- Default test -->
