<?xml version="1.0" encoding="UTF-8"?>
<!-- Generated by org.testng.reporters.JUnitXMLReporter -->
<testsuite hostname="Poornimas-MacBook-Air.local" ignored="0" name="Default test" tests="2" failures="0" timestamp="27 Aug 2017 05:59:22 GMT" time="19.929" errors="0">
  <testcase name="test_Home_Page" time="3.109" classname="com.automation.tests.TestFunctionality"/>
  <testcase name="test_Home_Navigation" time="3.06" classname="com.automation.tests.TestFunctionality"/>
</testsuite> <!-- Default test -->
