<?xml version="1.0" encoding="UTF-8"?>
<testng-results skipped="0" failed="0" ignored="0" total="2" passed="2">
  <reporter-output>
  </reporter-output>
  <suite name="Default suite" duration-ms="18581" started-at="2017-08-27T17:31:30Z" finished-at="2017-08-27T17:31:48Z">
    <groups>
    </groups>
    <test name="Default test" duration-ms="18581" started-at="2017-08-27T17:31:30Z" finished-at="2017-08-27T17:31:48Z">
      <class name="com.automation.tests.HomePageToRequestInfoPageTest">
        <test-method status="PASS" signature="setUp()[pri:0, instance:com.automation.tests.HomePageToRequestInfoPageTest@42d80b78]" name="setUp" is-config="true" duration-ms="6314" started-at="2017-08-27T12:31:30Z" finished-at="2017-08-27T12:31:36Z">
          <reporter-output>
          </reporter-output>
        </test-method> <!-- setUp -->
        <test-method status="PASS" signature="test_Home_Page()[pri:0, instance:com.automation.tests.HomePageToRequestInfoPageTest@42d80b78]" name="test_Home_Page" duration-ms="3110" started-at="2017-08-27T12:31:36Z" finished-at="2017-08-27T12:31:39Z">
          <reporter-output>
          </reporter-output>
        </test-method> <!-- test_Home_Page -->
        <test-method status="PASS" signature="cleanUp()[pri:0, instance:com.automation.tests.HomePageToRequestInfoPageTest@42d80b78]" name="cleanUp" is-config="true" duration-ms="112" started-at="2017-08-27T12:31:39Z" finished-at="2017-08-27T12:31:39Z">
          <reporter-output>
          </reporter-output>
        </test-method> <!-- cleanUp -->
        <test-method status="PASS" signature="setUp()[pri:0, instance:com.automation.tests.HomePageToRequestInfoPageTest@42d80b78]" name="setUp" is-config="true" duration-ms="5713" started-at="2017-08-27T12:31:39Z" finished-at="2017-08-27T12:31:45Z">
          <reporter-output>
          </reporter-output>
        </test-method> <!-- setUp -->
        <test-method status="PASS" signature="test_Home_Navigation()[pri:1, instance:com.automation.tests.HomePageToRequestInfoPageTest@42d80b78]" name="test_Home_Navigation" duration-ms="3189" started-at="2017-08-27T12:31:45Z" finished-at="2017-08-27T12:31:48Z">
          <reporter-output>
          </reporter-output>
        </test-method> <!-- test_Home_Navigation -->
        <test-method status="PASS" signature="cleanUp()[pri:0, instance:com.automation.tests.HomePageToRequestInfoPageTest@42d80b78]" name="cleanUp" is-config="true" duration-ms="114" started-at="2017-08-27T12:31:48Z" finished-at="2017-08-27T12:31:48Z">
          <reporter-output>
          </reporter-output>
        </test-method> <!-- cleanUp -->
      </class> <!-- com.automation.tests.HomePageToRequestInfoPageTest -->
    </test> <!-- Default test -->
  </suite> <!-- Default suite -->
</testng-results>
