<?xml version="1.0" encoding="UTF-8"?>
<testng-results skipped="0" failed="0" ignored="0" total="1" passed="1">
  <reporter-output>
  </reporter-output>
  <suite name="Default suite" duration-ms="13781" started-at="2017-08-27T19:39:20Z" finished-at="2017-08-27T19:39:34Z">
    <groups>
    </groups>
    <test name="Default test" duration-ms="13781" started-at="2017-08-27T19:39:20Z" finished-at="2017-08-27T19:39:34Z">
      <class name="com.automation.tests.HomePageToAboutPageTest">
        <test-method status="PASS" signature="setUp()[pri:0, instance:com.automation.tests.HomePageToAboutPageTest@42d80b78]" name="setUp" is-config="true" duration-ms="7417" started-at="2017-08-27T14:39:20Z" finished-at="2017-08-27T14:39:28Z">
          <reporter-output>
          </reporter-output>
        </test-method> <!-- setUp -->
        <test-method status="PASS" signature="invokeHomePage_verifyTitle_success()[pri:0, instance:com.automation.tests.HomePageToAboutPageTest@42d80b78]" name="invokeHomePage_verifyTitle_success" duration-ms="6227" started-at="2017-08-27T14:39:28Z" finished-at="2017-08-27T14:39:34Z">
          <reporter-output>
          </reporter-output>
        </test-method> <!-- invokeHomePage_verifyTitle_success -->
        <test-method status="PASS" signature="cleanUp()[pri:0, instance:com.automation.tests.HomePageToAboutPageTest@42d80b78]" name="cleanUp" is-config="true" duration-ms="112" started-at="2017-08-27T14:39:34Z" finished-at="2017-08-27T14:39:34Z">
          <reporter-output>
          </reporter-output>
        </test-method> <!-- cleanUp -->
      </class> <!-- com.automation.tests.HomePageToAboutPageTest -->
    </test> <!-- Default test -->
  </suite> <!-- Default suite -->
</testng-results>
